2025-01-13 03:24:52 -  - exec CUpdateClientPartner::GetUpdatesList
2025-01-13 03:24:52 -  - exec CUpdateClientPartner::__CollectRequestData
2025-01-13 03:24:52 -  - utf=Y&lang=ru&stable=Y&CANGZIP=Y&SUPD_DBS=MYSQL&XE=N&CLIENT_SITE=uropro.webiew.ru&LICENSE_KEY=X&SUPD_STS=1&SUPD_URS=0&TYPENC=D&CLIENT_PHPVER=8.2.20&NGINX=Y&dbv=5.7.27&instm=main%2C24.0.796%2CY%3Bsecurity%2C24.0.0%2CN%3Biblock%2C24.0.200%2CN%3Btranslate%2C24.0.0%2CN%3Bseo%2C24.300.0%2CN%3Bsearch%2C24.0.0%2CN%3Blocation%2C24.100.0%2CN%3Bmessageservice%2C24.500.0%2CN%3Bclouds%2C24.100.0%2CN%3Bhighloadblock%2C24.0.201%2CN%3Bsocialservices%2C24.0.200%2CN%3Bbitrixcloud%2C24.0.0%2CN%3Brest%2C24.500.0%2CN%3Bb24connector%2C24.0.0%2CN%3Bfileman%2C24.100.0%2CN%3Bui%2C24.300.0%2CN%3Bperfmon%2C24.0.0%2CN%3Bbitrix.sitecorporate%2C24.0.0%2CN%3Blanding%2C24.400.300%2CN&reqm=bitrix.sitecorporate&fullmoduleinfo=Y&SUPD_SRS=RU&SUPD_CMP=N
2025-01-13 03:24:52 -  - exec CUpdateClientPartner::GetHTTPPage
2025-01-13 03:24:52 -  - TIME GetUpdatesList(request) 0.053 sec
2025-01-13 03:24:52 -  - exec CUpdateClientPartner::ParseServerData
2025-01-13 03:24:59 -  - exec CUpdateClientPartner::GetUpdatesList
2025-01-13 03:24:59 -  - exec CUpdateClientPartner::__CollectRequestData
2025-01-13 03:24:59 -  - utf=Y&lang=ru&stable=Y&CANGZIP=Y&SUPD_DBS=MYSQL&XE=N&CLIENT_SITE=uropro.webiew.ru&LICENSE_KEY=X&SUPD_STS=1&SUPD_URS=0&TYPENC=D&CLIENT_PHPVER=8.2.20&NGINX=Y&dbv=5.7.27&instm=main%2C24.0.796%2CY%3Bsecurity%2C24.0.0%2CN%3Biblock%2C24.0.200%2CN%3Btranslate%2C24.0.0%2CN%3Bseo%2C24.300.0%2CN%3Bsearch%2C24.0.0%2CN%3Blocation%2C24.100.0%2CN%3Bmessageservice%2C24.500.0%2CN%3Bclouds%2C24.100.0%2CN%3Bhighloadblock%2C24.0.201%2CN%3Bsocialservices%2C24.0.200%2CN%3Bbitrixcloud%2C24.0.0%2CN%3Brest%2C24.500.0%2CN%3Bb24connector%2C24.0.0%2CN%3Bfileman%2C24.100.0%2CN%3Bui%2C24.300.0%2CN%3Bperfmon%2C24.0.0%2CN%3Bbitrix.sitecorporate%2C24.0.0%2CN%3Blanding%2C24.400.300%2CN&reqm=bitrix.sitecorporate&SUPD_SRS=RU&SUPD_CMP=N
2025-01-13 03:24:59 -  - exec CUpdateClientPartner::GetHTTPPage
2025-01-13 03:24:59 -  - TIME GetUpdatesList(request) 0.047 sec
2025-01-13 03:24:59 -  - exec CUpdateClientPartner::ParseServerData
2025-01-13 03:25:03 -  - exec CUpdateClientPartner::GetUpdatesList
2025-01-13 03:25:03 -  - exec CUpdateClientPartner::__CollectRequestData
2025-01-13 03:25:03 -  - utf=Y&lang=ru&stable=Y&CANGZIP=Y&SUPD_DBS=MYSQL&XE=N&CLIENT_SITE=uropro.webiew.ru&LICENSE_KEY=X&SUPD_STS=1&SUPD_URS=0&TYPENC=D&CLIENT_PHPVER=8.2.20&NGINX=Y&dbv=5.7.27&instm=main%2C24.0.796%2CY%3Bsecurity%2C24.0.0%2CN%3Biblock%2C24.0.200%2CN%3Btranslate%2C24.0.0%2CN%3Bseo%2C24.300.0%2CN%3Bsearch%2C24.0.0%2CN%3Blocation%2C24.100.0%2CN%3Bmessageservice%2C24.500.0%2CN%3Bclouds%2C24.100.0%2CN%3Bhighloadblock%2C24.0.201%2CN%3Bsocialservices%2C24.0.200%2CN%3Bbitrixcloud%2C24.0.0%2CN%3Brest%2C24.500.0%2CN%3Bb24connector%2C24.0.0%2CN%3Bfileman%2C24.100.0%2CN%3Bui%2C24.300.0%2CN%3Bperfmon%2C24.0.0%2CN%3Bbitrix.sitecorporate%2C24.0.0%2CN%3Blanding%2C24.400.300%2CN&reqm=bitrix.sitecorporate&fullmoduleinfo=Y&SUPD_SRS=RU&SUPD_CMP=N
2025-01-13 03:25:03 -  - exec CUpdateClientPartner::GetHTTPPage
2025-01-13 03:25:03 -  - TIME GetUpdatesList(request) 0.053 sec
2025-01-13 03:25:03 -  - exec CUpdateClientPartner::ParseServerData
2025-01-13 03:25:35 -  - exec CUpdateClientPartner::GetUpdatesList
2025-01-13 03:25:35 -  - exec CUpdateClientPartner::__CollectRequestData
2025-01-13 03:25:35 -  - utf=Y&lang=ru&stable=Y&CANGZIP=Y&SUPD_DBS=MYSQL&XE=N&CLIENT_SITE=uropro.webiew.ru&LICENSE_KEY=X&SUPD_STS=1&SUPD_URS=0&TYPENC=D&CLIENT_PHPVER=8.2.20&NGINX=Y&dbv=5.7.27&instm=main%2C24.0.796%2CY%3Bsecurity%2C24.0.0%2CN%3Biblock%2C24.0.200%2CN%3Btranslate%2C24.0.0%2CN%3Bseo%2C24.300.0%2CN%3Bsearch%2C24.0.0%2CN%3Blocation%2C24.100.0%2CN%3Bmessageservice%2C24.500.0%2CN%3Bclouds%2C24.100.0%2CN%3Bhighloadblock%2C24.0.201%2CN%3Bsocialservices%2C24.0.200%2CN%3Bbitrixcloud%2C24.0.0%2CN%3Brest%2C24.500.0%2CN%3Bb24connector%2C24.0.0%2CN%3Bfileman%2C24.100.0%2CN%3Bui%2C24.300.0%2CN%3Bperfmon%2C24.0.0%2CN%3Bbitrix.sitecorporate%2C24.0.0%2CN%3Blanding%2C24.400.300%2CN&reqm=bitrix.sitecorporate&fullmoduleinfo=Y&SUPD_SRS=RU&SUPD_CMP=N
2025-01-13 03:25:35 -  - exec CUpdateClientPartner::GetHTTPPage
2025-01-13 03:25:35 -  - TIME GetUpdatesList(request) 0.05 sec
2025-01-13 03:25:35 -  - exec CUpdateClientPartner::ParseServerData
2025-01-13 03:25:41 -  - exec CUpdateClientPartner::GetUpdatesList
2025-01-13 03:25:41 -  - exec CUpdateClientPartner::__CollectRequestData
2025-01-13 03:25:41 -  - utf=Y&lang=ru&stable=Y&CANGZIP=Y&SUPD_DBS=MYSQL&XE=N&CLIENT_SITE=uropro.webiew.ru&LICENSE_KEY=X&SUPD_STS=1&SUPD_URS=0&TYPENC=D&CLIENT_PHPVER=8.2.20&NGINX=Y&dbv=5.7.27&instm=main%2C24.0.796%2CY%3Bsecurity%2C24.0.0%2CN%3Biblock%2C24.0.200%2CN%3Btranslate%2C24.0.0%2CN%3Bseo%2C24.300.0%2CN%3Bsearch%2C24.0.0%2CN%3Blocation%2C24.100.0%2CN%3Bmessageservice%2C24.500.0%2CN%3Bclouds%2C24.100.0%2CN%3Bhighloadblock%2C24.0.201%2CN%3Bsocialservices%2C24.0.200%2CN%3Bbitrixcloud%2C24.0.0%2CN%3Brest%2C24.500.0%2CN%3Bb24connector%2C24.0.0%2CN%3Bfileman%2C24.100.0%2CN%3Bui%2C24.300.0%2CN%3Bperfmon%2C24.0.0%2CN%3Bbitrix.sitecorporate%2C24.0.0%2CN%3Blanding%2C24.400.300%2CN&reqm=bitrix.sitecorporate&fullmoduleinfo=Y&SUPD_SRS=RU&SUPD_CMP=N
2025-01-13 03:25:41 -  - exec CUpdateClientPartner::GetHTTPPage
2025-01-13 03:25:41 -  - TIME GetUpdatesList(request) 0.057 sec
2025-01-13 03:25:41 -  - exec CUpdateClientPartner::ParseServerData
2025-01-13 03:25:44 -  - exec CUpdateClientPartner::GetUpdatesList
2025-01-13 03:25:44 -  - exec CUpdateClientPartner::__CollectRequestData
2025-01-13 03:25:44 -  - utf=Y&lang=ru&stable=Y&CANGZIP=Y&SUPD_DBS=MYSQL&XE=N&CLIENT_SITE=uropro.webiew.ru&LICENSE_KEY=X&SUPD_STS=1&SUPD_URS=0&TYPENC=D&CLIENT_PHPVER=8.2.20&NGINX=Y&dbv=5.7.27&instm=main%2C24.0.796%2CY%3Bsecurity%2C24.0.0%2CN%3Biblock%2C24.0.200%2CN%3Btranslate%2C24.0.0%2CN%3Bseo%2C24.300.0%2CN%3Bsearch%2C24.0.0%2CN%3Blocation%2C24.100.0%2CN%3Bmessageservice%2C24.500.0%2CN%3Bclouds%2C24.100.0%2CN%3Bhighloadblock%2C24.0.201%2CN%3Bsocialservices%2C24.0.200%2CN%3Bbitrixcloud%2C24.0.0%2CN%3Brest%2C24.500.0%2CN%3Bb24connector%2C24.0.0%2CN%3Bfileman%2C24.100.0%2CN%3Bui%2C24.300.0%2CN%3Bperfmon%2C24.0.0%2CN%3Bbitrix.sitecorporate%2C24.0.0%2CN%3Blanding%2C24.400.300%2CN&reqm=bitrix.sitecorporate&fullmoduleinfo=Y&SUPD_SRS=RU&SUPD_CMP=N
2025-01-13 03:25:44 -  - exec CUpdateClientPartner::GetHTTPPage
2025-01-13 03:25:44 -  - TIME GetUpdatesList(request) 0.064 sec
2025-01-13 03:25:44 -  - exec CUpdateClientPartner::ParseServerData
2025-02-24 21:56:17 -  - exec CUpdateClientPartner::GetUpdatesList
2025-02-24 21:56:17 -  - exec CUpdateClientPartner::__CollectRequestData
2025-02-24 21:56:17 -  - utf=Y&lang=ru&stable=Y&CANGZIP=Y&SUPD_DBS=MYSQL&XE=N&CLIENT_SITE=long-sex.com&LICENSE_KEY=X&SUPD_STS=1&SUPD_URS=0&TYPENC=D&CLIENT_PHPVER=8.2.27&NGINX=Y&dbv=8.0.25&instm=main%2C24.0.796%2CY%3Brest%2C24.500.0%2CN%3Bperfmon%2C24.0.0%2CN%3Blocation%2C24.100.0%2CN%3Bhighloadblock%2C24.0.201%2CN%3Bsocialservices%2C24.0.200%2CN%3Bbitrix.sitecorporate%2C24.0.0%2CN%3Bmessageservice%2C24.500.0%2CN%3Bsecurity%2C24.0.0%2CN%3Btranslate%2C24.0.0%2CN%3Bclouds%2C24.100.0%2CN%3Bui%2C24.300.0%2CN%3Blanding%2C24.400.300%2CN%3Bfileman%2C24.100.0%2CN%3Bsearch%2C24.0.0%2CN%3Bbitrixcloud%2C24.0.0%2CN%3Biblock%2C24.0.200%2CN%3Bseo%2C24.300.0%2CN%3Bb24connector%2C24.0.0%2CN&reqm=bitrix.sitecorporate&fullmoduleinfo=Y&SUPD_SRS=RU&SUPD_CMP=N
2025-02-24 21:56:17 -  - exec CUpdateClientPartner::GetHTTPPage
2025-02-24 21:56:17 -  - TIME GetUpdatesList(request) 0.131 sec
2025-02-24 21:56:17 -  - exec CUpdateClientPartner::ParseServerData
2025-02-24 21:56:21 -  - exec CUpdateClientPartner::GetUpdatesList
2025-02-24 21:56:21 -  - exec CUpdateClientPartner::__CollectRequestData
2025-02-24 21:56:21 -  - utf=Y&lang=ru&stable=Y&CANGZIP=Y&SUPD_DBS=MYSQL&XE=N&CLIENT_SITE=long-sex.com&LICENSE_KEY=X&SUPD_STS=1&SUPD_URS=0&TYPENC=D&CLIENT_PHPVER=8.2.27&NGINX=Y&dbv=8.0.25&instm=main%2C24.0.796%2CY%3Brest%2C24.500.0%2CN%3Bperfmon%2C24.0.0%2CN%3Blocation%2C24.100.0%2CN%3Bhighloadblock%2C24.0.201%2CN%3Bsocialservices%2C24.0.200%2CN%3Bbitrix.sitecorporate%2C24.0.0%2CN%3Bmessageservice%2C24.500.0%2CN%3Bsecurity%2C24.0.0%2CN%3Btranslate%2C24.0.0%2CN%3Bclouds%2C24.100.0%2CN%3Bui%2C24.300.0%2CN%3Blanding%2C24.400.300%2CN%3Bfileman%2C24.100.0%2CN%3Bsearch%2C24.0.0%2CN%3Bbitrixcloud%2C24.0.0%2CN%3Biblock%2C24.0.200%2CN%3Bseo%2C24.300.0%2CN%3Bb24connector%2C24.0.0%2CN&reqm=bitrix.sitecorporate&SUPD_SRS=RU&SUPD_CMP=N
2025-02-24 21:56:21 -  - exec CUpdateClientPartner::GetHTTPPage
2025-02-24 21:56:21 -  - TIME GetUpdatesList(request) 0.118 sec
2025-02-24 21:56:21 -  - exec CUpdateClientPartner::ParseServerData
2025-02-25 13:11:17 -  - exec CUpdateClientPartner::GetUpdatesList
2025-02-25 13:11:17 -  - exec CUpdateClientPartner::__CollectRequestData
2025-02-25 13:11:17 -  - utf=Y&lang=ru&stable=Y&CANGZIP=Y&SUPD_DBS=MYSQL&XE=N&CLIENT_SITE=long-sex.com&LICENSE_KEY=X&SUPD_STS=1&SUPD_URS=0&TYPENC=E&CLIENT_PHPVER=8.2.27&NGINX=Y&dbv=8.0.25&instm=main%2C24.350.0%2CN%3Brest%2C24.700.0%2CN%3Bperfmon%2C24.100.0%2CN%3Blocation%2C25.0.0%2CN%3Bhighloadblock%2C24.0.201%2CN%3Bsocialservices%2C24.100.0%2CN%3Bbitrix.sitecorporate%2C24.0.0%2CN%3Bmessageservice%2C24.900.0%2CN%3Bsecurity%2C24.0.100%2CN%3Btranslate%2C24.100.0%2CN%3Bclouds%2C24.400.0%2CN%3Bui%2C24.1200.0%2CN%3Blanding%2C24.700.100%2CN%3Bfileman%2C24.500.0%2CN%3Bsearch%2C24.0.0%2CN%3Bbitrixcloud%2C24.100.0%2CN%3Biblock%2C24.200.0%2CN%3Bseo%2C24.600.100%2CN%3Bb24connector%2C24.0.0%2CN&reqm=bitrix.sitecorporate&fullmoduleinfo=Y&SUPD_SRS=RU&SUPD_CMP=N
2025-02-25 13:11:17 -  - exec CUpdateClientPartner::GetHTTPPage
2025-02-25 13:11:17 -  - TIME GetUpdatesList(request) 0.149 sec
2025-02-25 13:11:17 -  - exec CUpdateClientPartner::ParseServerData
2025-02-25 13:11:46 -  - exec CUpdateClientPartner::GetUpdatesList
2025-02-25 13:11:46 -  - exec CUpdateClientPartner::__CollectRequestData
2025-02-25 13:11:46 -  - utf=Y&lang=ru&stable=Y&CANGZIP=Y&SUPD_DBS=MYSQL&XE=N&CLIENT_SITE=long-sex.com&LICENSE_KEY=X&SUPD_STS=1&SUPD_URS=0&TYPENC=E&CLIENT_PHPVER=8.2.27&NGINX=Y&dbv=8.0.25&instm=main%2C24.350.0%2CN%3Brest%2C24.700.0%2CN%3Bperfmon%2C24.100.0%2CN%3Blocation%2C25.0.0%2CN%3Bhighloadblock%2C24.0.201%2CN%3Bsocialservices%2C24.100.0%2CN%3Bbitrix.sitecorporate%2C24.0.0%2CN%3Bmessageservice%2C24.900.0%2CN%3Bsecurity%2C24.0.100%2CN%3Btranslate%2C24.100.0%2CN%3Bclouds%2C24.400.0%2CN%3Bui%2C24.1200.0%2CN%3Blanding%2C24.700.100%2CN%3Bfileman%2C24.500.0%2CN%3Bsearch%2C24.0.0%2CN%3Bbitrixcloud%2C24.100.0%2CN%3Biblock%2C24.200.0%2CN%3Bseo%2C24.600.100%2CN%3Bb24connector%2C24.0.0%2CN&reqm=bitrix.sitecorporate&SUPD_SRS=RU&SUPD_CMP=N
2025-02-25 13:11:46 -  - exec CUpdateClientPartner::GetHTTPPage
2025-02-25 13:11:46 -  - TIME GetUpdatesList(request) 0.147 sec
2025-02-25 13:11:46 -  - exec CUpdateClientPartner::ParseServerData
2025-02-25 13:11:48 -  - exec CUpdateClientPartner::GetUpdatesList
2025-02-25 13:11:48 -  - exec CUpdateClientPartner::__CollectRequestData
2025-02-25 13:11:48 -  - utf=Y&lang=ru&stable=Y&CANGZIP=Y&SUPD_DBS=MYSQL&XE=N&CLIENT_SITE=long-sex.com&LICENSE_KEY=X&SUPD_STS=1&SUPD_URS=0&TYPENC=E&CLIENT_PHPVER=8.2.27&NGINX=Y&dbv=8.0.25&instm=main%2C24.350.0%2CN%3Brest%2C24.700.0%2CN%3Bperfmon%2C24.100.0%2CN%3Blocation%2C25.0.0%2CN%3Bhighloadblock%2C24.0.201%2CN%3Bsocialservices%2C24.100.0%2CN%3Bbitrix.sitecorporate%2C24.0.0%2CN%3Bmessageservice%2C24.900.0%2CN%3Bsecurity%2C24.0.100%2CN%3Btranslate%2C24.100.0%2CN%3Bclouds%2C24.400.0%2CN%3Bui%2C24.1200.0%2CN%3Blanding%2C24.700.100%2CN%3Bfileman%2C24.500.0%2CN%3Bsearch%2C24.0.0%2CN%3Bbitrixcloud%2C24.100.0%2CN%3Biblock%2C24.200.0%2CN%3Bseo%2C24.600.100%2CN%3Bb24connector%2C24.0.0%2CN&reqm=bitrix.sitecorporate&SUPD_SRS=RU&SUPD_CMP=N
2025-02-25 13:11:48 -  - exec CUpdateClientPartner::GetHTTPPage
2025-02-25 13:11:48 -  - TIME GetUpdatesList(request) 0.137 sec
2025-02-25 13:11:48 -  - exec CUpdateClientPartner::ParseServerData
2025-03-03 11:02:56 -  - exec CUpdateClientPartner::GetUpdatesList
2025-03-03 11:02:56 -  - exec CUpdateClientPartner::__CollectRequestData
2025-03-03 11:02:56 -  - utf=Y&lang=ru&stable=Y&CANGZIP=Y&SUPD_DBS=MYSQL&XE=N&CLIENT_SITE=long-sex.com&LICENSE_KEY=X&SUPD_STS=1&SUPD_URS=0&TYPENC=E&CLIENT_PHPVER=8.2.27&NGINX=Y&dbv=8.0.25&instm=main%2C24.350.0%2CN%3Brest%2C24.700.0%2CN%3Bperfmon%2C24.100.0%2CN%3Blocation%2C25.0.0%2CN%3Bhighloadblock%2C24.0.201%2CN%3Bsocialservices%2C24.100.0%2CN%3Bbitrix.sitecorporate%2C24.0.0%2CN%3Bmessageservice%2C24.900.0%2CN%3Bsecurity%2C24.0.100%2CN%3Btranslate%2C24.100.0%2CN%3Bclouds%2C24.400.0%2CN%3Bui%2C24.1200.0%2CN%3Blanding%2C24.700.100%2CN%3Bfileman%2C24.500.0%2CN%3Bsearch%2C24.0.0%2CN%3Bbitrixcloud%2C24.100.0%2CN%3Biblock%2C24.200.0%2CN%3Bseo%2C24.600.100%2CN%3Bb24connector%2C24.0.0%2CN&reqm=bitrix.sitecorporate&SUPD_SRS=RU&SUPD_CMP=N
2025-03-03 11:02:56 -  - exec CUpdateClientPartner::GetHTTPPage
2025-03-03 11:02:56 -  - TIME GetUpdatesList(request) 0.333 sec
2025-03-03 11:02:56 -  - exec CUpdateClientPartner::ParseServerData
