2025-Mar-17 05:01:21 Наличие необходимых модулей php (check_php_modules): Ok
Все необходимые модули установлены
2025-Mar-17 05:01:21 Обязательные параметры PHP (check_php_settings): Ok
Настройки правильные
2025-Mar-17 05:01:21 Модули веб-сервера (check_security): Ok
Конфликтов не выявлено
2025-Mar-17 05:01:21 Значения переменных сервера (check_server_vars): Ok
Корректные
2025-Mar-17 05:01:21 Сохранение сессии (check_session): Ok
50% done
2025-Mar-17 05:01:21 Параметры настройки UTF (mbstring и константа BX_UTF) (check_mbstring): Ok
Правильные. Сайт работает в UTF кодировке
2025-Mar-17 05:01:21 Служебные скрипты в корне сайта (check_install_scripts): Ok
Отсутствуют
2025-Mar-17 05:01:22 Работа с сокетами (check_socket): Ok
Connection to ssl://long-sex.com:443	Success

Успешно
2025-Mar-17 05:01:22 Выполнение агентов на cron (check_bx_crontab): Warning
Замечание. Агенты выполняются на хитах, рекомендуется перевести выполнение агентов на cron
2025-Mar-17 12:20:57 Кодировка соединения (check_mysql_connection_charset): Ok
character_set_connection=utf8mb4, collation_connection=utf8mb4_unicode_ci, character_set_results=utf8mb4
Успешно
2025-Mar-17 12:20:57 Кодировка базы данных (check_mysql_db_charset): Ok
CHARSET=utf8mb4, COLLATION=utf8mb4_unicode_ci
Успешно
2025-Mar-17 12:20:58 Кодировка соединения (check_mysql_connection_charset): Ok
character_set_connection=utf8mb4, collation_connection=utf8mb4_unicode_ci, character_set_results=utf8mb4
Успешно
2025-Mar-17 12:20:58 Кодировка базы данных (check_mysql_db_charset): Ok
CHARSET=utf8mb4, COLLATION=utf8mb4_unicode_ci
Успешно
2025-Mar-17 12:20:58 Кодировка соединения (check_mysql_connection_charset): Ok
character_set_connection=utf8mb4, collation_connection=utf8mb4_unicode_ci, character_set_results=utf8mb4
Успешно
2025-Mar-17 12:20:58 Кодировка базы данных (check_mysql_db_charset): Ok
CHARSET=utf8mb4, COLLATION=utf8mb4_unicode_ci
Успешно
